1638078403307:call ls
1638078464184:call dir
1638078695496:ca
1638078699982:call whoami
1638078731648:call ls
1638089987396:call dir
1638090464098:call whoami
1638090476662:call ls
1638090557073:call whoami
1638090560446:call ls
1638090562998:call dir
1638090567575:call pwd
1638090657381:call help
1638090680482:call cmd
1638090786834:ls
1638090786846:dsadsa
1638090816405:call cmd
1638091542530:call pwd
1638091569301:call whoami
1638091578111:call cd
1638091590585:call c
1638091594775:call 1d23sa1d32sa1d32as
1638092485023:call whoami
1638092490665:call pwd
1638092715809:call cmd
1638092794347:sa
1638092804064:call whoami 123
1638092928331:call help
1638092950033:call time
1638092956136:call dir
1638093045884:call ver
1638093143296:call
1638093274433:elp
1638093276435:help
1638093973812:call 123 456
